<?xml version="1.0" encoding="UTF-8"?>
<testsuites errors="277" failures="277"><testsuite name="Assets Frontend Visual Regression Tests" tests="311" errors="277" failures="277"><testcase name=" ›› Accordion" classname=".comp-lib-pattern-component"/><testcase name=" ›› Accordion" classname=".comp-lib-pattern-component.__n1"/><testcase name=" ›› Add-remove" classname=".comp-lib-pattern-component"><error message="Design deviation ›› Add-remove (.comp-lib-pattern-component) component" type="CSS component"/><failure message="Design deviation ›› Add-remove (.comp-lib-pattern-component) component" type="CSS component"/></testcase><testcase name=" ›› Alpha" classname=".comp-lib-pattern-component"><error message="Design deviation ›› Alpha (.comp-lib-pattern-component) component" type="CSS component"/><failure message="Design deviation ›› Alpha (.comp-lib-pattern-component) component" type="CSS component"/></testcase><testcase name=" ›› App-info" classname=".comp-lib-pattern-component"><error message="Design deviation ›› App-info (.comp-lib-pattern-component) component" type="CSS component"/><failure message="Design deviation ›› App-info (.comp-lib-pattern-component) component" type="CSS component"/></testcase><testcase name=" ›› App-info" classname=".comp-lib-pattern-component.__n1"><error message="Design deviation ›› App-info (.comp-lib-pattern-component.__n1) component" type="CSS component"/><failure message="Design deviation ›› App-info (.comp-lib-pattern-component.__n1) component" type="CSS component"/></testcase><testcase name=" ›› App-info" classname=".comp-lib-pattern-component.__n2"/><testcase name=" ›› App-info" classname=".comp-lib-pattern-component.__n3"><error message="Design deviation ›› App-info (.comp-lib-pattern-component.__n3) component" type="CSS component"/><failure message="Design deviation ›› App-info (.comp-lib-pattern-component.__n3) component" type="CSS component"/></testcase><testcase name=" ›› App-info" classname=".comp-lib-pattern-component.__n4"><error message="Design deviation ›› App-info (.comp-lib-pattern-component.__n4) component" type="CSS component"/><failure message="Design deviation ›› App-info (.comp-lib-pattern-component.__n4) component" type="CSS component"/></testcase><testcase name=" ›› Attorney-banner" classname=".comp-lib-pattern-component"><error message="Design deviation ›› Attorney-banner (.comp-lib-pattern-component) component" type="CSS component"/><failure message="Design deviation ›› Attorney-banner (.comp-lib-pattern-component) component" type="CSS component"/></testcase><testcase name=" ›› Attorney-banner" classname=".comp-lib-pattern-component.__n1"><error message="Design deviation ›› Attorney-banner (.comp-lib-pattern-component.__n1) component" type="CSS component"/><failure message="Design deviation ›› Attorney-banner (.comp-lib-pattern-component.__n1) component" type="CSS component"/></testcase><testcase name=" ›› Attorney-banner" classname=".comp-lib-pattern-component.__n2"><error message="Design deviation ›› Attorney-banner (.comp-lib-pattern-component.__n2) component" type="CSS component"/><failure message="Design deviation ›› Attorney-banner (.comp-lib-pattern-component.__n2) component" type="CSS component"/></testcase><testcase name=" ›› Attorney-banner" classname=".comp-lib-pattern-component.__n3"><error message="Design deviation ›› Attorney-banner (.comp-lib-pattern-component.__n3) component" type="CSS component"/><failure message="Design deviation ›› Attorney-banner (.comp-lib-pattern-component.__n3) component" type="CSS component"/></testcase><testcase name=" ›› Autocomplete" classname=".comp-lib-pattern-component"><error message="Design deviation ›› Autocomplete (.comp-lib-pattern-component) component" type="CSS component"/><failure message="Design deviation ›› Autocomplete (.comp-lib-pattern-component) component" type="CSS component"/></testcase><testcase name=" ›› Beta" classname=".comp-lib-pattern-component"><error message="Design deviation ›› Beta (.comp-lib-pattern-component) component" type="CSS component"/><failure message="Design deviation ›› Beta (.comp-lib-pattern-component) component" type="CSS component"/></testcase><testcase name=" ›› Beta" classname=".comp-lib-pattern-component.__n1"><error message="Design deviation ›› Beta (.comp-lib-pattern-component.__n1) component" type="CSS component"/><failure message="Design deviation ›› Beta (.comp-lib-pattern-component.__n1) component" type="CSS component"/></testcase><testcase name=" ›› Beta" classname=".comp-lib-pattern-component.__n2"><error message="Design deviation ›› Beta (.comp-lib-pattern-component.__n2) component" type="CSS component"/><failure message="Design deviation ›› Beta (.comp-lib-pattern-component.__n2) component" type="CSS component"/></testcase><testcase name=" ›› Breadcrumbs" classname=".comp-lib-pattern-component"><error message="Design deviation ›› Breadcrumbs (.comp-lib-pattern-component) component" type="CSS component"/><failure message="Design deviation ›› Breadcrumbs (.comp-lib-pattern-component) component" type="CSS component"/></testcase><testcase name=" ›› Breadcrumbs" classname=".comp-lib-pattern-component.__n1"><error message="Design deviation ›› Breadcrumbs (.comp-lib-pattern-component.__n1) component" type="CSS component"/><failure message="Design deviation ›› Breadcrumbs (.comp-lib-pattern-component.__n1) component" type="CSS component"/></testcase><testcase name=" ›› Buttons" classname=".comp-lib-pattern-component"><error message="Design deviation ›› Buttons (.comp-lib-pattern-component) component" type="CSS component"/><failure message="Design deviation ›› Buttons (.comp-lib-pattern-component) component" type="CSS component"/></testcase><testcase name=" ›› Buttons" classname=".comp-lib-pattern-component.__n1"><error message="Design deviation ›› Buttons (.comp-lib-pattern-component.__n1) component" type="CSS component"/><failure message="Design deviation ›› Buttons (.comp-lib-pattern-component.__n1) component" type="CSS component"/></testcase><testcase name=" ›› Buttons" classname=".comp-lib-pattern-component.__n2"><error message="Design deviation ›› Buttons (.comp-lib-pattern-component.__n2) component" type="CSS component"/><failure message="Design deviation ›› Buttons (.comp-lib-pattern-component.__n2) component" type="CSS component"/></testcase><testcase name=" ›› Buttons" classname=".comp-lib-pattern-component.__n3"><error message="Design deviation ›› Buttons (.comp-lib-pattern-component.__n3) component" type="CSS component"/><failure message="Design deviation ›› Buttons (.comp-lib-pattern-component.__n3) component" type="CSS component"/></testcase><testcase name=" ›› Buttons" classname=".comp-lib-pattern-component.__n4"><error message="Design deviation ›› Buttons (.comp-lib-pattern-component.__n4) component" type="CSS component"/><failure message="Design deviation ›› Buttons (.comp-lib-pattern-component.__n4) component" type="CSS component"/></testcase><testcase name=" ›› Buttons" classname=".comp-lib-pattern-component.__n5"><error message="Design deviation ›› Buttons (.comp-lib-pattern-component.__n5) component" type="CSS component"/><failure message="Design deviation ›› Buttons (.comp-lib-pattern-component.__n5) component" type="CSS component"/></testcase><testcase name=" ›› Buttons" classname=".comp-lib-pattern-component.__n6"><error message="Design deviation ›› Buttons (.comp-lib-pattern-component.__n6) component" type="CSS component"/><failure message="Design deviation ›› Buttons (.comp-lib-pattern-component.__n6) component" type="CSS component"/></testcase><testcase name=" ›› Buttons" classname=".comp-lib-pattern-component.__n7"><error message="Design deviation ›› Buttons (.comp-lib-pattern-component.__n7) component" type="CSS component"/><failure message="Design deviation ›› Buttons (.comp-lib-pattern-component.__n7) component" type="CSS component"/></testcase><testcase name=" ›› Buttons" classname=".comp-lib-pattern-component.__n8"><error message="Design deviation ›› Buttons (.comp-lib-pattern-component.__n8) component" type="CSS component"/><failure message="Design deviation ›› Buttons (.comp-lib-pattern-component.__n8) component" type="CSS component"/></testcase><testcase name=" ›› Buttons" classname=".comp-lib-pattern-component.__n9"><error message="Design deviation ›› Buttons (.comp-lib-pattern-component.__n9) component" type="CSS component"/><failure message="Design deviation ›› Buttons (.comp-lib-pattern-component.__n9) component" type="CSS component"/></testcase><testcase name=" ›› Buttons" classname=".comp-lib-pattern-component.__n10"><error message="Design deviation ›› Buttons (.comp-lib-pattern-component.__n10) component" type="CSS component"/><failure message="Design deviation ›› Buttons (.comp-lib-pattern-component.__n10) component" type="CSS component"/></testcase><testcase name=" ›› Buttons" classname=".comp-lib-pattern-component.__n11"><error message="Design deviation ›› Buttons (.comp-lib-pattern-component.__n11) component" type="CSS component"/><failure message="Design deviation ›› Buttons (.comp-lib-pattern-component.__n11) component" type="CSS component"/></testcase><testcase name=" ›› Code" classname=".comp-lib-pattern-component"/><testcase name=" ›› Code" classname=".comp-lib-pattern-component.__n1"><error message="Design deviation ›› Code (.comp-lib-pattern-component.__n1) component" type="CSS component"/><failure message="Design deviation ›› Code (.comp-lib-pattern-component.__n1) component" type="CSS component"/></testcase><testcase name=" ›› Code" classname=".comp-lib-pattern-component.__n2"/><testcase name=" ›› Code" classname=".comp-lib-pattern-component.__n3"><error message="Design deviation ›› Code (.comp-lib-pattern-component.__n3) component" type="CSS component"/><failure message="Design deviation ›› Code (.comp-lib-pattern-component.__n3) component" type="CSS component"/></testcase><testcase name=" ›› Code" classname=".comp-lib-pattern-component.__n4"><error message="Design deviation ›› Code (.comp-lib-pattern-component.__n4) component" type="CSS component"/><failure message="Design deviation ›› Code (.comp-lib-pattern-component.__n4) component" type="CSS component"/></testcase><testcase name=" ›› Datatable" classname=".comp-lib-pattern-component"><error message="Design deviation ›› Datatable (.comp-lib-pattern-component) component" type="CSS component"/><failure message="Design deviation ›› Datatable (.comp-lib-pattern-component) component" type="CSS component"/></testcase><testcase name=" ›› Details" classname=".comp-lib-pattern-component"><error message="Design deviation ›› Details (.comp-lib-pattern-component) component" type="CSS component"/><failure message="Design deviation ›› Details (.comp-lib-pattern-component) component" type="CSS component"/></testcase><testcase name=" ›› Details" classname=".comp-lib-pattern-component.__n1"><error message="Design deviation ›› Details (.comp-lib-pattern-component.__n1) component" type="CSS component"/><failure message="Design deviation ›› Details (.comp-lib-pattern-component.__n1) component" type="CSS component"/></testcase><testcase name=" ›› Details" classname=".comp-lib-pattern-component.__n2"><error message="Design deviation ›› Details (.comp-lib-pattern-component.__n2) component" type="CSS component"/><failure message="Design deviation ›› Details (.comp-lib-pattern-component.__n2) component" type="CSS component"/></testcase><testcase name=" ›› Details" classname=".comp-lib-pattern-component.__n3"><error message="Design deviation ›› Details (.comp-lib-pattern-component.__n3) component" type="CSS component"/><failure message="Design deviation ›› Details (.comp-lib-pattern-component.__n3) component" type="CSS component"/></testcase><testcase name=" ›› Details" classname=".comp-lib-pattern-component.__n4"><error message="Design deviation ›› Details (.comp-lib-pattern-component.__n4) component" type="CSS component"/><failure message="Design deviation ›› Details (.comp-lib-pattern-component.__n4) component" type="CSS component"/></testcase><testcase name=" ›› Dividers" classname=".comp-lib-pattern-component"/><testcase name=" ›› Dividers" classname=".comp-lib-pattern-component.__n1"><error message="Design deviation ›› Dividers (.comp-lib-pattern-component.__n1) component" type="CSS component"/><failure message="Design deviation ›› Dividers (.comp-lib-pattern-component.__n1) component" type="CSS component"/></testcase><testcase name=" ›› Dividers" classname=".comp-lib-pattern-component.__n2"><error message="Design deviation ›› Dividers (.comp-lib-pattern-component.__n2) component" type="CSS component"/><failure message="Design deviation ›› Dividers (.comp-lib-pattern-component.__n2) component" type="CSS component"/></testcase><testcase name=" ›› Dividers" classname=".comp-lib-pattern-component.__n3"><error message="Design deviation ›› Dividers (.comp-lib-pattern-component.__n3) component" type="CSS component"/><failure message="Design deviation ›› Dividers (.comp-lib-pattern-component.__n3) component" type="CSS component"/></testcase><testcase name=" ›› Dividers" classname=".comp-lib-pattern-component.__n4"><error message="Design deviation ›› Dividers (.comp-lib-pattern-component.__n4) component" type="CSS component"/><failure message="Design deviation ›› Dividers (.comp-lib-pattern-component.__n4) component" type="CSS component"/></testcase><testcase name=" ›› Errors" classname=".comp-lib-pattern-component"><error message="Design deviation ›› Errors (.comp-lib-pattern-component) component" type="CSS component"/><failure message="Design deviation ›› Errors (.comp-lib-pattern-component) component" type="CSS component"/></testcase><testcase name=" ›› Errors" classname=".comp-lib-pattern-component.__n1"><error message="Design deviation ›› Errors (.comp-lib-pattern-component.__n1) component" type="CSS component"/><failure message="Design deviation ›› Errors (.comp-lib-pattern-component.__n1) component" type="CSS component"/></testcase><testcase name=" ›› Errors" classname=".comp-lib-pattern-component.__n2"><error message="Design deviation ›› Errors (.comp-lib-pattern-component.__n2) component" type="CSS component"/><failure message="Design deviation ›› Errors (.comp-lib-pattern-component.__n2) component" type="CSS component"/></testcase><testcase name=" ›› Errors" classname=".comp-lib-pattern-component.__n3"><error message="Design deviation ›› Errors (.comp-lib-pattern-component.__n3) component" type="CSS component"/><failure message="Design deviation ›› Errors (.comp-lib-pattern-component.__n3) component" type="CSS component"/></testcase><testcase name=" ›› Errors" classname=".comp-lib-pattern-component.__n4"><error message="Design deviation ›› Errors (.comp-lib-pattern-component.__n4) component" type="CSS component"/><failure message="Design deviation ›› Errors (.comp-lib-pattern-component.__n4) component" type="CSS component"/></testcase><testcase name=" ›› Errors" classname=".comp-lib-pattern-component.__n5"><error message="Design deviation ›› Errors (.comp-lib-pattern-component.__n5) component" type="CSS component"/><failure message="Design deviation ›› Errors (.comp-lib-pattern-component.__n5) component" type="CSS component"/></testcase><testcase name=" ›› External-markup" classname=".comp-lib-pattern-component"><error message="Design deviation ›› External-markup (.comp-lib-pattern-component) component" type="CSS component"/><failure message="Design deviation ›› External-markup (.comp-lib-pattern-component) component" type="CSS component"/></testcase><testcase name=" ›› Flag" classname=".comp-lib-pattern-component"><error message="Design deviation ›› Flag (.comp-lib-pattern-component) component" type="CSS component"/><failure message="Design deviation ›› Flag (.comp-lib-pattern-component) component" type="CSS component"/></testcase><testcase name=" ›› Flag" classname=".comp-lib-pattern-component.__n1"><error message="Design deviation ›› Flag (.comp-lib-pattern-component.__n1) component" type="CSS component"/><failure message="Design deviation ›› Flag (.comp-lib-pattern-component.__n1) component" type="CSS component"/></testcase><testcase name=" ›› Flag" classname=".comp-lib-pattern-component.__n2"><error message="Design deviation ›› Flag (.comp-lib-pattern-component.__n2) component" type="CSS component"/><failure message="Design deviation ›› Flag (.comp-lib-pattern-component.__n2) component" type="CSS component"/></testcase><testcase name=" ›› Flag" classname=".comp-lib-pattern-component.__n3"><error message="Design deviation ›› Flag (.comp-lib-pattern-component.__n3) component" type="CSS component"/><failure message="Design deviation ›› Flag (.comp-lib-pattern-component.__n3) component" type="CSS component"/></testcase><testcase name=" ›› Flag" classname=".comp-lib-pattern-component.__n4"><error message="Design deviation ›› Flag (.comp-lib-pattern-component.__n4) component" type="CSS component"/><failure message="Design deviation ›› Flag (.comp-lib-pattern-component.__n4) component" type="CSS component"/></testcase><testcase name=" ›› Form-hint" classname=".comp-lib-pattern-component"/><testcase name=" ›› Form-hint" classname=".comp-lib-pattern-component.__n1"/><testcase name=" ›› Form-hint" classname=".comp-lib-pattern-component.__n2"/><testcase name=" ›› Form-hint" classname=".comp-lib-pattern-component.__n3"><error message="Design deviation ›› Form-hint (.comp-lib-pattern-component.__n3) component" type="CSS component"/><failure message="Design deviation ›› Form-hint (.comp-lib-pattern-component.__n3) component" type="CSS component"/></testcase><testcase name=" ›› Form-hint" classname=".comp-lib-pattern-component.__n4"><error message="Design deviation ›› Form-hint (.comp-lib-pattern-component.__n4) component" type="CSS component"/><failure message="Design deviation ›› Form-hint (.comp-lib-pattern-component.__n4) component" type="CSS component"/></testcase><testcase name=" ›› Form-hint" classname=".comp-lib-pattern-component.__n5"><error message="Design deviation ›› Form-hint (.comp-lib-pattern-component.__n5) component" type="CSS component"/><failure message="Design deviation ›› Form-hint (.comp-lib-pattern-component.__n5) component" type="CSS component"/></testcase><testcase name=" ›› Form" classname=".comp-lib-pattern-component"><error message="Design deviation ›› Form (.comp-lib-pattern-component) component" type="CSS component"/><failure message="Design deviation ›› Form (.comp-lib-pattern-component) component" type="CSS component"/></testcase><testcase name=" ›› Form" classname=".comp-lib-pattern-component.__n1"><error message="Design deviation ›› Form (.comp-lib-pattern-component.__n1) component" type="CSS component"/><failure message="Design deviation ›› Form (.comp-lib-pattern-component.__n1) component" type="CSS component"/></testcase><testcase name=" ›› Form" classname=".comp-lib-pattern-component.__n2"><error message="Design deviation ›› Form (.comp-lib-pattern-component.__n2) component" type="CSS component"/><failure message="Design deviation ›› Form (.comp-lib-pattern-component.__n2) component" type="CSS component"/></testcase><testcase name=" ›› Form" classname=".comp-lib-pattern-component.__n3"><error message="Design deviation ›› Form (.comp-lib-pattern-component.__n3) component" type="CSS component"/><failure message="Design deviation ›› Form (.comp-lib-pattern-component.__n3) component" type="CSS component"/></testcase><testcase name=" ›› Form" classname=".comp-lib-pattern-component.__n4"><error message="Design deviation ›› Form (.comp-lib-pattern-component.__n4) component" type="CSS component"/><failure message="Design deviation ›› Form (.comp-lib-pattern-component.__n4) component" type="CSS component"/></testcase><testcase name=" ›› Form" classname=".comp-lib-pattern-component.__n5"><error message="Design deviation ›› Form (.comp-lib-pattern-component.__n5) component" type="CSS component"/><failure message="Design deviation ›› Form (.comp-lib-pattern-component.__n5) component" type="CSS component"/></testcase><testcase name=" ›› Form" classname=".comp-lib-pattern-component.__n6"><error message="Design deviation ›› Form (.comp-lib-pattern-component.__n6) component" type="CSS component"/><failure message="Design deviation ›› Form (.comp-lib-pattern-component.__n6) component" type="CSS component"/></testcase><testcase name=" ›› Form" classname=".comp-lib-pattern-component.__n7"><error message="Design deviation ›› Form (.comp-lib-pattern-component.__n7) component" type="CSS component"/><failure message="Design deviation ›› Form (.comp-lib-pattern-component.__n7) component" type="CSS component"/></testcase><testcase name=" ›› Form" classname=".comp-lib-pattern-component.__n8"><error message="Design deviation ›› Form (.comp-lib-pattern-component.__n8) component" type="CSS component"/><failure message="Design deviation ›› Form (.comp-lib-pattern-component.__n8) component" type="CSS component"/></testcase><testcase name=" ›› Form" classname=".comp-lib-pattern-component.__n9"><error message="Design deviation ›› Form (.comp-lib-pattern-component.__n9) component" type="CSS component"/><failure message="Design deviation ›› Form (.comp-lib-pattern-component.__n9) component" type="CSS component"/></testcase><testcase name=" ›› Form" classname=".comp-lib-pattern-component.__n10"><error message="Design deviation ›› Form (.comp-lib-pattern-component.__n10) component" type="CSS component"/><failure message="Design deviation ›› Form (.comp-lib-pattern-component.__n10) component" type="CSS component"/></testcase><testcase name=" ›› Form" classname=".comp-lib-pattern-component.__n11"><error message="Design deviation ›› Form (.comp-lib-pattern-component.__n11) component" type="CSS component"/><failure message="Design deviation ›› Form (.comp-lib-pattern-component.__n11) component" type="CSS component"/></testcase><testcase name=" ›› Form" classname=".comp-lib-pattern-component.__n12"><error message="Design deviation ›› Form (.comp-lib-pattern-component.__n12) component" type="CSS component"/><failure message="Design deviation ›› Form (.comp-lib-pattern-component.__n12) component" type="CSS component"/></testcase><testcase name=" ›› Form" classname=".comp-lib-pattern-component.__n13"><error message="Design deviation ›› Form (.comp-lib-pattern-component.__n13) component" type="CSS component"/><failure message="Design deviation ›› Form (.comp-lib-pattern-component.__n13) component" type="CSS component"/></testcase><testcase name=" ›› Form" classname=".comp-lib-pattern-component.__n14"><error message="Design deviation ›› Form (.comp-lib-pattern-component.__n14) component" type="CSS component"/><failure message="Design deviation ›› Form (.comp-lib-pattern-component.__n14) component" type="CSS component"/></testcase><testcase name=" ›› Form" classname=".comp-lib-pattern-component.__n15"><error message="Design deviation ›› Form (.comp-lib-pattern-component.__n15) component" type="CSS component"/><failure message="Design deviation ›› Form (.comp-lib-pattern-component.__n15) component" type="CSS component"/></testcase><testcase name=" ›› Form" classname=".comp-lib-pattern-component.__n16"><error message="Design deviation ›› Form (.comp-lib-pattern-component.__n16) component" type="CSS component"/><failure message="Design deviation ›› Form (.comp-lib-pattern-component.__n16) component" type="CSS component"/></testcase><testcase name=" ›› Form" classname=".comp-lib-pattern-component.__n17"><error message="Design deviation ›› Form (.comp-lib-pattern-component.__n17) component" type="CSS component"/><failure message="Design deviation ›› Form (.comp-lib-pattern-component.__n17) component" type="CSS component"/></testcase><testcase name=" ›› Form" classname=".comp-lib-pattern-component.__n18"><error message="Design deviation ›› Form (.comp-lib-pattern-component.__n18) component" type="CSS component"/><failure message="Design deviation ›› Form (.comp-lib-pattern-component.__n18) component" type="CSS component"/></testcase><testcase name=" ›› Govuk-elements" classname=".comp-lib-pattern-component"/><testcase name=" ›› Govuk-elements" classname=".comp-lib-pattern-component.__n1"/><testcase name=" ›› Govuk-elements" classname=".comp-lib-pattern-component.__n2"/><testcase name=" ›› Govuk-elements" classname=".comp-lib-pattern-component.__n3"><error message="Design deviation ›› Govuk-elements (.comp-lib-pattern-component.__n3) component" type="CSS component"/><failure message="Design deviation ›› Govuk-elements (.comp-lib-pattern-component.__n3) component" type="CSS component"/></testcase><testcase name=" ›› Govuk-elements" classname=".comp-lib-pattern-component.__n4"><error message="Design deviation ›› Govuk-elements (.comp-lib-pattern-component.__n4) component" type="CSS component"/><failure message="Design deviation ›› Govuk-elements (.comp-lib-pattern-component.__n4) component" type="CSS component"/></testcase><testcase name=" ›› Govuk-elements" classname=".comp-lib-pattern-component.__n5"><error message="Design deviation ›› Govuk-elements (.comp-lib-pattern-component.__n5) component" type="CSS component"/><failure message="Design deviation ›› Govuk-elements (.comp-lib-pattern-component.__n5) component" type="CSS component"/></testcase><testcase name=" ›› Govuk-elements" classname=".comp-lib-pattern-component.__n6"/><testcase name=" ›› Govuk-elements" classname=".comp-lib-pattern-component.__n7"/><testcase name=" ›› Govuk-elements" classname=".comp-lib-pattern-component.__n8"/><testcase name=" ›› Govuk-elements" classname=".comp-lib-pattern-component.__n9"><error message="Design deviation ›› Govuk-elements (.comp-lib-pattern-component.__n9) component" type="CSS component"/><failure message="Design deviation ›› Govuk-elements (.comp-lib-pattern-component.__n9) component" type="CSS component"/></testcase><testcase name=" ›› Govuk-elements" classname=".comp-lib-pattern-component.__n10"><error message="Design deviation ›› Govuk-elements (.comp-lib-pattern-component.__n10) component" type="CSS component"/><failure message="Design deviation ›› Govuk-elements (.comp-lib-pattern-component.__n10) component" type="CSS component"/></testcase><testcase name=" ›› Govuk-elements" classname=".comp-lib-pattern-component.__n11"><error message="Design deviation ›› Govuk-elements (.comp-lib-pattern-component.__n11) component" type="CSS component"/><failure message="Design deviation ›› Govuk-elements (.comp-lib-pattern-component.__n11) component" type="CSS component"/></testcase><testcase name=" ›› Govuk-elements" classname=".comp-lib-pattern-component.__n12"><error message="Design deviation ›› Govuk-elements (.comp-lib-pattern-component.__n12) component" type="CSS component"/><failure message="Design deviation ›› Govuk-elements (.comp-lib-pattern-component.__n12) component" type="CSS component"/></testcase><testcase name=" ›› Govuk-elements" classname=".comp-lib-pattern-component.__n13"><error message="Design deviation ›› Govuk-elements (.comp-lib-pattern-component.__n13) component" type="CSS component"/><failure message="Design deviation ›› Govuk-elements (.comp-lib-pattern-component.__n13) component" type="CSS component"/></testcase><testcase name=" ›› Govuk-elements" classname=".comp-lib-pattern-component.__n14"><error message="Design deviation ›› Govuk-elements (.comp-lib-pattern-component.__n14) component" type="CSS component"/><failure message="Design deviation ›› Govuk-elements (.comp-lib-pattern-component.__n14) component" type="CSS component"/></testcase><testcase name=" ›› Govuk-elements" classname=".comp-lib-pattern-component.__n15"><error message="Design deviation ›› Govuk-elements (.comp-lib-pattern-component.__n15) component" type="CSS component"/><failure message="Design deviation ›› Govuk-elements (.comp-lib-pattern-component.__n15) component" type="CSS component"/></testcase><testcase name=" ›› Govuk-elements" classname=".comp-lib-pattern-component.__n16"><error message="Design deviation ›› Govuk-elements (.comp-lib-pattern-component.__n16) component" type="CSS component"/><failure message="Design deviation ›› Govuk-elements (.comp-lib-pattern-component.__n16) component" type="CSS component"/></testcase><testcase name=" ›› Govuk-elements" classname=".comp-lib-pattern-component.__n17"><error message="Design deviation ›› Govuk-elements (.comp-lib-pattern-component.__n17) component" type="CSS component"/><failure message="Design deviation ›› Govuk-elements (.comp-lib-pattern-component.__n17) component" type="CSS component"/></testcase><testcase name=" ›› Govuk-elements" classname=".comp-lib-pattern-component.__n18"/><testcase name=" ›› Govuk-elements" classname=".comp-lib-pattern-component.__n19"/><testcase name=" ›› Govuk-elements" classname=".comp-lib-pattern-component.__n20"/><testcase name=" ›› Govuk-elements" classname=".comp-lib-pattern-component.__n21"/><testcase name=" ›› Govuk-elements" classname=".comp-lib-pattern-component.__n22"/><testcase name=" ›› Govuk-elements" classname=".comp-lib-pattern-component.__n23"/><testcase name=" ›› Govuk-elements" classname=".comp-lib-pattern-component.__n24"><error message="Design deviation ›› Govuk-elements (.comp-lib-pattern-component.__n24) component" type="CSS component"/><failure message="Design deviation ›› Govuk-elements (.comp-lib-pattern-component.__n24) component" type="CSS component"/></testcase><testcase name=" ›› Govuk-elements" classname=".comp-lib-pattern-component.__n25"/><testcase name=" ›› Govuk-elements" classname=".comp-lib-pattern-component.__n26"/><testcase name=" ›› Govuk-elements" classname=".comp-lib-pattern-component.__n27"/><testcase name=" ›› Govuk-elements" classname=".comp-lib-pattern-component.__n28"/><testcase name=" ›› Govuk-elements" classname=".comp-lib-pattern-component.__n29"/><testcase name=" ›› Govuk-elements" classname=".comp-lib-pattern-component.__n30"><error message="Design deviation ›› Govuk-elements (.comp-lib-pattern-component.__n30) component" type="CSS component"/><failure message="Design deviation ›› Govuk-elements (.comp-lib-pattern-component.__n30) component" type="CSS component"/></testcase><testcase name=" ›› Govuk-elements" classname=".comp-lib-pattern-component.__n31"/><testcase name=" ›› Govuk-elements" classname=".comp-lib-pattern-component.__n32"/><testcase name=" ›› Header" classname=".comp-lib-pattern-component"><error message="Design deviation ›› Header (.comp-lib-pattern-component) component" type="CSS component"/><failure message="Design deviation ›› Header (.comp-lib-pattern-component) component" type="CSS component"/></testcase><testcase name=" ›› Header" classname=".comp-lib-pattern-component.__n1"><error message="Design deviation ›› Header (.comp-lib-pattern-component.__n1) component" type="CSS component"/><failure message="Design deviation ›› Header (.comp-lib-pattern-component.__n1) component" type="CSS component"/></testcase><testcase name=" ›› Hero" classname=".comp-lib-pattern-component"><error message="Design deviation ›› Hero (.comp-lib-pattern-component) component" type="CSS component"/><failure message="Design deviation ›› Hero (.comp-lib-pattern-component) component" type="CSS component"/></testcase><testcase name=" ›› Icons" classname=".comp-lib-pattern-component"><error message="Design deviation ›› Icons (.comp-lib-pattern-component) component" type="CSS component"/><failure message="Design deviation ›› Icons (.comp-lib-pattern-component) component" type="CSS component"/></testcase><testcase name=" ›› Icons" classname=".comp-lib-pattern-component.__n1"><error message="Design deviation ›› Icons (.comp-lib-pattern-component.__n1) component" type="CSS component"/><failure message="Design deviation ›› Icons (.comp-lib-pattern-component.__n1) component" type="CSS component"/></testcase><testcase name=" ›› Icons" classname=".comp-lib-pattern-component.__n2"><error message="Design deviation ›› Icons (.comp-lib-pattern-component.__n2) component" type="CSS component"/><failure message="Design deviation ›› Icons (.comp-lib-pattern-component.__n2) component" type="CSS component"/></testcase><testcase name=" ›› Icons" classname=".comp-lib-pattern-component.__n3"><error message="Design deviation ›› Icons (.comp-lib-pattern-component.__n3) component" type="CSS component"/><failure message="Design deviation ›› Icons (.comp-lib-pattern-component.__n3) component" type="CSS component"/></testcase><testcase name=" ›› Icons" classname=".comp-lib-pattern-component.__n4"><error message="Design deviation ›› Icons (.comp-lib-pattern-component.__n4) component" type="CSS component"/><failure message="Design deviation ›› Icons (.comp-lib-pattern-component.__n4) component" type="CSS component"/></testcase><testcase name=" ›› Icons" classname=".comp-lib-pattern-component.__n5"><error message="Design deviation ›› Icons (.comp-lib-pattern-component.__n5) component" type="CSS component"/><failure message="Design deviation ›› Icons (.comp-lib-pattern-component.__n5) component" type="CSS component"/></testcase><testcase name=" ›› Icons" classname=".comp-lib-pattern-component.__n6"><error message="Design deviation ›› Icons (.comp-lib-pattern-component.__n6) component" type="CSS component"/><failure message="Design deviation ›› Icons (.comp-lib-pattern-component.__n6) component" type="CSS component"/></testcase><testcase name=" ›› Icons" classname=".comp-lib-pattern-component.__n7"><error message="Design deviation ›› Icons (.comp-lib-pattern-component.__n7) component" type="CSS component"/><failure message="Design deviation ›› Icons (.comp-lib-pattern-component.__n7) component" type="CSS component"/></testcase><testcase name=" ›› Icons" classname=".comp-lib-pattern-component.__n8"><error message="Design deviation ›› Icons (.comp-lib-pattern-component.__n8) component" type="CSS component"/><failure message="Design deviation ›› Icons (.comp-lib-pattern-component.__n8) component" type="CSS component"/></testcase><testcase name=" ›› Indent" classname=".comp-lib-pattern-component"/><testcase name=" ›› Indent" classname=".comp-lib-pattern-component.__n1"><error message="Design deviation ›› Indent (.comp-lib-pattern-component.__n1) component" type="CSS component"/><failure message="Design deviation ›› Indent (.comp-lib-pattern-component.__n1) component" type="CSS component"/></testcase><testcase name=" ›› Indent" classname=".comp-lib-pattern-component.__n2"><error message="Design deviation ›› Indent (.comp-lib-pattern-component.__n2) component" type="CSS component"/><failure message="Design deviation ›› Indent (.comp-lib-pattern-component.__n2) component" type="CSS component"/></testcase><testcase name=" ›› Label" classname=".comp-lib-pattern-component"><error message="Design deviation ›› Label (.comp-lib-pattern-component) component" type="CSS component"/><failure message="Design deviation ›› Label (.comp-lib-pattern-component) component" type="CSS component"/></testcase><testcase name=" ›› Label" classname=".comp-lib-pattern-component.__n1"><error message="Design deviation ›› Label (.comp-lib-pattern-component.__n1) component" type="CSS component"/><failure message="Design deviation ›› Label (.comp-lib-pattern-component.__n1) component" type="CSS component"/></testcase><testcase name=" ›› Label" classname=".comp-lib-pattern-component.__n2"><error message="Design deviation ›› Label (.comp-lib-pattern-component.__n2) component" type="CSS component"/><failure message="Design deviation ›› Label (.comp-lib-pattern-component.__n2) component" type="CSS component"/></testcase><testcase name=" ›› Label" classname=".comp-lib-pattern-component.__n3"><error message="Design deviation ›› Label (.comp-lib-pattern-component.__n3) component" type="CSS component"/><failure message="Design deviation ›› Label (.comp-lib-pattern-component.__n3) component" type="CSS component"/></testcase><testcase name=" ›› Label" classname=".comp-lib-pattern-component.__n4"><error message="Design deviation ›› Label (.comp-lib-pattern-component.__n4) component" type="CSS component"/><failure message="Design deviation ›› Label (.comp-lib-pattern-component.__n4) component" type="CSS component"/></testcase><testcase name=" ›› Label" classname=".comp-lib-pattern-component.__n5"><error message="Design deviation ›› Label (.comp-lib-pattern-component.__n5) component" type="CSS component"/><failure message="Design deviation ›› Label (.comp-lib-pattern-component.__n5) component" type="CSS component"/></testcase><testcase name=" ›› Label" classname=".comp-lib-pattern-component.__n6"><error message="Design deviation ›› Label (.comp-lib-pattern-component.__n6) component" type="CSS component"/><failure message="Design deviation ›› Label (.comp-lib-pattern-component.__n6) component" type="CSS component"/></testcase><testcase name=" ›› Label" classname=".comp-lib-pattern-component.__n7"><error message="Design deviation ›› Label (.comp-lib-pattern-component.__n7) component" type="CSS component"/><failure message="Design deviation ›› Label (.comp-lib-pattern-component.__n7) component" type="CSS component"/></testcase><testcase name=" ›› Label" classname=".comp-lib-pattern-component.__n8"><error message="Design deviation ›› Label (.comp-lib-pattern-component.__n8) component" type="CSS component"/><failure message="Design deviation ›› Label (.comp-lib-pattern-component.__n8) component" type="CSS component"/></testcase><testcase name=" ›› Label" classname=".comp-lib-pattern-component.__n9"><error message="Design deviation ›› Label (.comp-lib-pattern-component.__n9) component" type="CSS component"/><failure message="Design deviation ›› Label (.comp-lib-pattern-component.__n9) component" type="CSS component"/></testcase><testcase name=" ›› Label" classname=".comp-lib-pattern-component.__n10"><error message="Design deviation ›› Label (.comp-lib-pattern-component.__n10) component" type="CSS component"/><failure message="Design deviation ›› Label (.comp-lib-pattern-component.__n10) component" type="CSS component"/></testcase><testcase name=" ›› Label" classname=".comp-lib-pattern-component.__n11"><error message="Design deviation ›› Label (.comp-lib-pattern-component.__n11) component" type="CSS component"/><failure message="Design deviation ›› Label (.comp-lib-pattern-component.__n11) component" type="CSS component"/></testcase><testcase name=" ›› Label" classname=".comp-lib-pattern-component.__n12"><error message="Design deviation ›› Label (.comp-lib-pattern-component.__n12) component" type="CSS component"/><failure message="Design deviation ›› Label (.comp-lib-pattern-component.__n12) component" type="CSS component"/></testcase><testcase name=" ›› Label" classname=".comp-lib-pattern-component.__n13"><error message="Design deviation ›› Label (.comp-lib-pattern-component.__n13) component" type="CSS component"/><failure message="Design deviation ›› Label (.comp-lib-pattern-component.__n13) component" type="CSS component"/></testcase><testcase name=" ›› Label" classname=".comp-lib-pattern-component.__n14"><error message="Design deviation ›› Label (.comp-lib-pattern-component.__n14) component" type="CSS component"/><failure message="Design deviation ›› Label (.comp-lib-pattern-component.__n14) component" type="CSS component"/></testcase><testcase name=" ›› Label" classname=".comp-lib-pattern-component.__n15"><error message="Design deviation ›› Label (.comp-lib-pattern-component.__n15) component" type="CSS component"/><failure message="Design deviation ›› Label (.comp-lib-pattern-component.__n15) component" type="CSS component"/></testcase><testcase name=" ›› Label" classname=".comp-lib-pattern-component.__n16"><error message="Design deviation ›› Label (.comp-lib-pattern-component.__n16) component" type="CSS component"/><failure message="Design deviation ›› Label (.comp-lib-pattern-component.__n16) component" type="CSS component"/></testcase><testcase name=" ›› Label" classname=".comp-lib-pattern-component.__n17"><error message="Design deviation ›› Label (.comp-lib-pattern-component.__n17) component" type="CSS component"/><failure message="Design deviation ›› Label (.comp-lib-pattern-component.__n17) component" type="CSS component"/></testcase><testcase name=" ›› Label" classname=".comp-lib-pattern-component.__n18"><error message="Design deviation ›› Label (.comp-lib-pattern-component.__n18) component" type="CSS component"/><failure message="Design deviation ›› Label (.comp-lib-pattern-component.__n18) component" type="CSS component"/></testcase><testcase name=" ›› Label" classname=".comp-lib-pattern-component.__n19"><error message="Design deviation ›› Label (.comp-lib-pattern-component.__n19) component" type="CSS component"/><failure message="Design deviation ›› Label (.comp-lib-pattern-component.__n19) component" type="CSS component"/></testcase><testcase name=" ›› Label" classname=".comp-lib-pattern-component.__n20"><error message="Design deviation ›› Label (.comp-lib-pattern-component.__n20) component" type="CSS component"/><failure message="Design deviation ›› Label (.comp-lib-pattern-component.__n20) component" type="CSS component"/></testcase><testcase name=" ›› Label" classname=".comp-lib-pattern-component.__n21"><error message="Design deviation ›› Label (.comp-lib-pattern-component.__n21) component" type="CSS component"/><failure message="Design deviation ›› Label (.comp-lib-pattern-component.__n21) component" type="CSS component"/></testcase><testcase name=" ›› Label" classname=".comp-lib-pattern-component.__n22"><error message="Design deviation ›› Label (.comp-lib-pattern-component.__n22) component" type="CSS component"/><failure message="Design deviation ›› Label (.comp-lib-pattern-component.__n22) component" type="CSS component"/></testcase><testcase name=" ›› Label" classname=".comp-lib-pattern-component.__n23"><error message="Design deviation ›› Label (.comp-lib-pattern-component.__n23) component" type="CSS component"/><failure message="Design deviation ›› Label (.comp-lib-pattern-component.__n23) component" type="CSS component"/></testcase><testcase name=" ›› Layout" classname=".comp-lib-pattern-component"><error message="Design deviation ›› Layout (.comp-lib-pattern-component) component" type="CSS component"/><failure message="Design deviation ›› Layout (.comp-lib-pattern-component) component" type="CSS component"/></testcase><testcase name=" ›› Layout" classname=".comp-lib-pattern-component.__n1"><error message="Design deviation ›› Layout (.comp-lib-pattern-component.__n1) component" type="CSS component"/><failure message="Design deviation ›› Layout (.comp-lib-pattern-component.__n1) component" type="CSS component"/></testcase><testcase name=" ›› Layout" classname=".comp-lib-pattern-component.__n2"><error message="Design deviation ›› Layout (.comp-lib-pattern-component.__n2) component" type="CSS component"/><failure message="Design deviation ›› Layout (.comp-lib-pattern-component.__n2) component" type="CSS component"/></testcase><testcase name=" ›› Layout" classname=".comp-lib-pattern-component.__n3"><error message="Design deviation ›› Layout (.comp-lib-pattern-component.__n3) component" type="CSS component"/><failure message="Design deviation ›› Layout (.comp-lib-pattern-component.__n3) component" type="CSS component"/></testcase><testcase name=" ›› Layout" classname=".comp-lib-pattern-component.__n4"><error message="Design deviation ›› Layout (.comp-lib-pattern-component.__n4) component" type="CSS component"/><failure message="Design deviation ›› Layout (.comp-lib-pattern-component.__n4) component" type="CSS component"/></testcase><testcase name=" ›› Layout" classname=".comp-lib-pattern-component.__n5"><error message="Design deviation ›› Layout (.comp-lib-pattern-component.__n5) component" type="CSS component"/><failure message="Design deviation ›› Layout (.comp-lib-pattern-component.__n5) component" type="CSS component"/></testcase><testcase name=" ›› Layout" classname=".comp-lib-pattern-component.__n6"><error message="Design deviation ›› Layout (.comp-lib-pattern-component.__n6) component" type="CSS component"/><failure message="Design deviation ›› Layout (.comp-lib-pattern-component.__n6) component" type="CSS component"/></testcase><testcase name=" ›› Layout" classname=".comp-lib-pattern-component.__n7"><error message="Design deviation ›› Layout (.comp-lib-pattern-component.__n7) component" type="CSS component"/><failure message="Design deviation ›› Layout (.comp-lib-pattern-component.__n7) component" type="CSS component"/></testcase><testcase name=" ›› Layout" classname=".comp-lib-pattern-component.__n8"/><testcase name=" ›› Layout" classname=".comp-lib-pattern-component.__n9"><error message="Design deviation ›› Layout (.comp-lib-pattern-component.__n9) component" type="CSS component"/><failure message="Design deviation ›› Layout (.comp-lib-pattern-component.__n9) component" type="CSS component"/></testcase><testcase name=" ›› Links" classname=".comp-lib-pattern-component"><error message="Design deviation ›› Links (.comp-lib-pattern-component) component" type="CSS component"/><failure message="Design deviation ›› Links (.comp-lib-pattern-component) component" type="CSS component"/></testcase><testcase name=" ›› Links" classname=".comp-lib-pattern-component.__n1"><error message="Design deviation ›› Links (.comp-lib-pattern-component.__n1) component" type="CSS component"/><failure message="Design deviation ›› Links (.comp-lib-pattern-component.__n1) component" type="CSS component"/></testcase><testcase name=" ›› Links" classname=".comp-lib-pattern-component.__n2"/><testcase name=" ›› Links" classname=".comp-lib-pattern-component.__n3"><error message="Design deviation ›› Links (.comp-lib-pattern-component.__n3) component" type="CSS component"/><failure message="Design deviation ›› Links (.comp-lib-pattern-component.__n3) component" type="CSS component"/></testcase><testcase name=" ›› Links" classname=".comp-lib-pattern-component.__n4"><error message="Design deviation ›› Links (.comp-lib-pattern-component.__n4) component" type="CSS component"/><failure message="Design deviation ›› Links (.comp-lib-pattern-component.__n4) component" type="CSS component"/></testcase><testcase name=" ›› Links" classname=".comp-lib-pattern-component.__n5"><error message="Design deviation ›› Links (.comp-lib-pattern-component.__n5) component" type="CSS component"/><failure message="Design deviation ›› Links (.comp-lib-pattern-component.__n5) component" type="CSS component"/></testcase><testcase name=" ›› Links" classname=".comp-lib-pattern-component.__n6"><error message="Design deviation ›› Links (.comp-lib-pattern-component.__n6) component" type="CSS component"/><failure message="Design deviation ›› Links (.comp-lib-pattern-component.__n6) component" type="CSS component"/></testcase><testcase name=" ›› Links" classname=".comp-lib-pattern-component.__n7"><error message="Design deviation ›› Links (.comp-lib-pattern-component.__n7) component" type="CSS component"/><failure message="Design deviation ›› Links (.comp-lib-pattern-component.__n7) component" type="CSS component"/></testcase><testcase name=" ›› Links" classname=".comp-lib-pattern-component.__n8"><error message="Design deviation ›› Links (.comp-lib-pattern-component.__n8) component" type="CSS component"/><failure message="Design deviation ›› Links (.comp-lib-pattern-component.__n8) component" type="CSS component"/></testcase><testcase name=" ›› Links" classname=".comp-lib-pattern-component.__n9"><error message="Design deviation ›› Links (.comp-lib-pattern-component.__n9) component" type="CSS component"/><failure message="Design deviation ›› Links (.comp-lib-pattern-component.__n9) component" type="CSS component"/></testcase><testcase name=" ›› Links" classname=".comp-lib-pattern-component.__n10"><error message="Design deviation ›› Links (.comp-lib-pattern-component.__n10) component" type="CSS component"/><failure message="Design deviation ›› Links (.comp-lib-pattern-component.__n10) component" type="CSS component"/></testcase><testcase name=" ›› Links" classname=".comp-lib-pattern-component.__n11"/><testcase name=" ›› Links" classname=".comp-lib-pattern-component.__n12"><error message="Design deviation ›› Links (.comp-lib-pattern-component.__n12) component" type="CSS component"/><failure message="Design deviation ›› Links (.comp-lib-pattern-component.__n12) component" type="CSS component"/></testcase><testcase name=" ›› Links" classname=".comp-lib-pattern-component.__n13"><error message="Design deviation ›› Links (.comp-lib-pattern-component.__n13) component" type="CSS component"/><failure message="Design deviation ›› Links (.comp-lib-pattern-component.__n13) component" type="CSS component"/></testcase><testcase name=" ›› Links" classname=".comp-lib-pattern-component.__n14"><error message="Design deviation ›› Links (.comp-lib-pattern-component.__n14) component" type="CSS component"/><failure message="Design deviation ›› Links (.comp-lib-pattern-component.__n14) component" type="CSS component"/></testcase><testcase name=" ›› Links" classname=".comp-lib-pattern-component.__n15"/><testcase name=" ›› Links" classname=".comp-lib-pattern-component.__n16"><error message="Design deviation ›› Links (.comp-lib-pattern-component.__n16) component" type="CSS component"/><failure message="Design deviation ›› Links (.comp-lib-pattern-component.__n16) component" type="CSS component"/></testcase><testcase name=" ›› Links" classname=".comp-lib-pattern-component.__n17"><error message="Design deviation ›› Links (.comp-lib-pattern-component.__n17) component" type="CSS component"/><failure message="Design deviation ›› Links (.comp-lib-pattern-component.__n17) component" type="CSS component"/></testcase><testcase name=" ›› Lists" classname=".comp-lib-pattern-component"><error message="Design deviation ›› Lists (.comp-lib-pattern-component) component" type="CSS component"/><failure message="Design deviation ›› Lists (.comp-lib-pattern-component) component" type="CSS component"/></testcase><testcase name=" ›› Lists" classname=".comp-lib-pattern-component.__n1"><error message="Design deviation ›› Lists (.comp-lib-pattern-component.__n1) component" type="CSS component"/><failure message="Design deviation ›› Lists (.comp-lib-pattern-component.__n1) component" type="CSS component"/></testcase><testcase name=" ›› Lists" classname=".comp-lib-pattern-component.__n2"><error message="Design deviation ›› Lists (.comp-lib-pattern-component.__n2) component" type="CSS component"/><failure message="Design deviation ›› Lists (.comp-lib-pattern-component.__n2) component" type="CSS component"/></testcase><testcase name=" ›› Lists" classname=".comp-lib-pattern-component.__n3"><error message="Design deviation ›› Lists (.comp-lib-pattern-component.__n3) component" type="CSS component"/><failure message="Design deviation ›› Lists (.comp-lib-pattern-component.__n3) component" type="CSS component"/></testcase><testcase name=" ›› Lists" classname=".comp-lib-pattern-component.__n4"><error message="Design deviation ›› Lists (.comp-lib-pattern-component.__n4) component" type="CSS component"/><failure message="Design deviation ›› Lists (.comp-lib-pattern-component.__n4) component" type="CSS component"/></testcase><testcase name=" ›› Lists" classname=".comp-lib-pattern-component.__n5"><error message="Design deviation ›› Lists (.comp-lib-pattern-component.__n5) component" type="CSS component"/><failure message="Design deviation ›› Lists (.comp-lib-pattern-component.__n5) component" type="CSS component"/></testcase><testcase name=" ›› Lists" classname=".comp-lib-pattern-component.__n6"><error message="Design deviation ›› Lists (.comp-lib-pattern-component.__n6) component" type="CSS component"/><failure message="Design deviation ›› Lists (.comp-lib-pattern-component.__n6) component" type="CSS component"/></testcase><testcase name=" ›› Lists" classname=".comp-lib-pattern-component.__n7"><error message="Design deviation ›› Lists (.comp-lib-pattern-component.__n7) component" type="CSS component"/><failure message="Design deviation ›› Lists (.comp-lib-pattern-component.__n7) component" type="CSS component"/></testcase><testcase name=" ›› Lists" classname=".comp-lib-pattern-component.__n8"><error message="Design deviation ›› Lists (.comp-lib-pattern-component.__n8) component" type="CSS component"/><failure message="Design deviation ›› Lists (.comp-lib-pattern-component.__n8) component" type="CSS component"/></testcase><testcase name=" ›› Lists" classname=".comp-lib-pattern-component.__n9"><error message="Design deviation ›› Lists (.comp-lib-pattern-component.__n9) component" type="CSS component"/><failure message="Design deviation ›› Lists (.comp-lib-pattern-component.__n9) component" type="CSS component"/></testcase><testcase name=" ›› Lists" classname=".comp-lib-pattern-component.__n10"><error message="Design deviation ›› Lists (.comp-lib-pattern-component.__n10) component" type="CSS component"/><failure message="Design deviation ›› Lists (.comp-lib-pattern-component.__n10) component" type="CSS component"/></testcase><testcase name=" ›› Lists" classname=".comp-lib-pattern-component.__n11"><error message="Design deviation ›› Lists (.comp-lib-pattern-component.__n11) component" type="CSS component"/><failure message="Design deviation ›› Lists (.comp-lib-pattern-component.__n11) component" type="CSS component"/></testcase><testcase name=" ›› Lists" classname=".comp-lib-pattern-component.__n12"><error message="Design deviation ›› Lists (.comp-lib-pattern-component.__n12) component" type="CSS component"/><failure message="Design deviation ›› Lists (.comp-lib-pattern-component.__n12) component" type="CSS component"/></testcase><testcase name=" ›› Lists" classname=".comp-lib-pattern-component.__n13"><error message="Design deviation ›› Lists (.comp-lib-pattern-component.__n13) component" type="CSS component"/><failure message="Design deviation ›› Lists (.comp-lib-pattern-component.__n13) component" type="CSS component"/></testcase><testcase name=" ›› Lists" classname=".comp-lib-pattern-component.__n14"><error message="Design deviation ›› Lists (.comp-lib-pattern-component.__n14) component" type="CSS component"/><failure message="Design deviation ›› Lists (.comp-lib-pattern-component.__n14) component" type="CSS component"/></testcase><testcase name=" ›› Lists" classname=".comp-lib-pattern-component.__n15"><error message="Design deviation ›› Lists (.comp-lib-pattern-component.__n15) component" type="CSS component"/><failure message="Design deviation ›› Lists (.comp-lib-pattern-component.__n15) component" type="CSS component"/></testcase><testcase name=" ›› Lists" classname=".comp-lib-pattern-component.__n16"><error message="Design deviation ›› Lists (.comp-lib-pattern-component.__n16) component" type="CSS component"/><failure message="Design deviation ›› Lists (.comp-lib-pattern-component.__n16) component" type="CSS component"/></testcase><testcase name=" ›› Lists" classname=".comp-lib-pattern-component.__n17"><error message="Design deviation ›› Lists (.comp-lib-pattern-component.__n17) component" type="CSS component"/><failure message="Design deviation ›› Lists (.comp-lib-pattern-component.__n17) component" type="CSS component"/></testcase><testcase name=" ›› Load-partial" classname=".comp-lib-pattern-component"><error message="Design deviation ›› Load-partial (.comp-lib-pattern-component) component" type="CSS component"/><failure message="Design deviation ›› Load-partial (.comp-lib-pattern-component) component" type="CSS component"/></testcase><testcase name=" ›› Navigation" classname=".comp-lib-pattern-component"><error message="Design deviation ›› Navigation (.comp-lib-pattern-component) component" type="CSS component"/><failure message="Design deviation ›› Navigation (.comp-lib-pattern-component) component" type="CSS component"/></testcase><testcase name=" ›› Navigation" classname=".comp-lib-pattern-component.__n1"><error message="Design deviation ›› Navigation (.comp-lib-pattern-component.__n1) component" type="CSS component"/><failure message="Design deviation ›› Navigation (.comp-lib-pattern-component.__n1) component" type="CSS component"/></testcase><testcase name=" ›› Notification-banner" classname=".comp-lib-pattern-component"><error message="Design deviation ›› Notification-banner (.comp-lib-pattern-component) component" type="CSS component"/><failure message="Design deviation ›› Notification-banner (.comp-lib-pattern-component) component" type="CSS component"/></testcase><testcase name=" ›› Notification" classname=".comp-lib-pattern-component"><error message="Design deviation ›› Notification (.comp-lib-pattern-component) component" type="CSS component"/><failure message="Design deviation ›› Notification (.comp-lib-pattern-component) component" type="CSS component"/></testcase><testcase name=" ›› Notification" classname=".comp-lib-pattern-component.__n1"><error message="Design deviation ›› Notification (.comp-lib-pattern-component.__n1) component" type="CSS component"/><failure message="Design deviation ›› Notification (.comp-lib-pattern-component.__n1) component" type="CSS component"/></testcase><testcase name=" ›› Notification" classname=".comp-lib-pattern-component.__n2"><error message="Design deviation ›› Notification (.comp-lib-pattern-component.__n2) component" type="CSS component"/><failure message="Design deviation ›› Notification (.comp-lib-pattern-component.__n2) component" type="CSS component"/></testcase><testcase name=" ›› Notification" classname=".comp-lib-pattern-component.__n3"><error message="Design deviation ›› Notification (.comp-lib-pattern-component.__n3) component" type="CSS component"/><failure message="Design deviation ›› Notification (.comp-lib-pattern-component.__n3) component" type="CSS component"/></testcase><testcase name=" ›› Notification" classname=".comp-lib-pattern-component.__n4"><error message="Design deviation ›› Notification (.comp-lib-pattern-component.__n4) component" type="CSS component"/><failure message="Design deviation ›› Notification (.comp-lib-pattern-component.__n4) component" type="CSS component"/></testcase><testcase name=" ›› Notification" classname=".comp-lib-pattern-component.__n5"><error message="Design deviation ›› Notification (.comp-lib-pattern-component.__n5) component" type="CSS component"/><failure message="Design deviation ›› Notification (.comp-lib-pattern-component.__n5) component" type="CSS component"/></testcase><testcase name=" ›› Notification" classname=".comp-lib-pattern-component.__n6"><error message="Design deviation ›› Notification (.comp-lib-pattern-component.__n6) component" type="CSS component"/><failure message="Design deviation ›› Notification (.comp-lib-pattern-component.__n6) component" type="CSS component"/></testcase><testcase name=" ›› Notification" classname=".comp-lib-pattern-component.__n7"><error message="Design deviation ›› Notification (.comp-lib-pattern-component.__n7) component" type="CSS component"/><failure message="Design deviation ›› Notification (.comp-lib-pattern-component.__n7) component" type="CSS component"/></testcase><testcase name=" ›› Notification" classname=".comp-lib-pattern-component.__n8"><error message="Design deviation ›› Notification (.comp-lib-pattern-component.__n8) component" type="CSS component"/><failure message="Design deviation ›› Notification (.comp-lib-pattern-component.__n8) component" type="CSS component"/></testcase><testcase name=" ›› Notification" classname=".comp-lib-pattern-component.__n9"><error message="Design deviation ›› Notification (.comp-lib-pattern-component.__n9) component" type="CSS component"/><failure message="Design deviation ›› Notification (.comp-lib-pattern-component.__n9) component" type="CSS component"/></testcase><testcase name=" ›› Notification" classname=".comp-lib-pattern-component.__n10"><error message="Design deviation ›› Notification (.comp-lib-pattern-component.__n10) component" type="CSS component"/><failure message="Design deviation ›› Notification (.comp-lib-pattern-component.__n10) component" type="CSS component"/></testcase><testcase name=" ›› Notification" classname=".comp-lib-pattern-component.__n11"><error message="Design deviation ›› Notification (.comp-lib-pattern-component.__n11) component" type="CSS component"/><failure message="Design deviation ›› Notification (.comp-lib-pattern-component.__n11) component" type="CSS component"/></testcase><testcase name=" ›› Notification" classname=".comp-lib-pattern-component.__n12"><error message="Design deviation ›› Notification (.comp-lib-pattern-component.__n12) component" type="CSS component"/><failure message="Design deviation ›› Notification (.comp-lib-pattern-component.__n12) component" type="CSS component"/></testcase><testcase name=" ›› Notification" classname=".comp-lib-pattern-component.__n13"><error message="Design deviation ›› Notification (.comp-lib-pattern-component.__n13) component" type="CSS component"/><failure message="Design deviation ›› Notification (.comp-lib-pattern-component.__n13) component" type="CSS component"/></testcase><testcase name=" ›› Notification" classname=".comp-lib-pattern-component.__n14"><error message="Design deviation ›› Notification (.comp-lib-pattern-component.__n14) component" type="CSS component"/><failure message="Design deviation ›› Notification (.comp-lib-pattern-component.__n14) component" type="CSS component"/></testcase><testcase name=" ›› Notification" classname=".comp-lib-pattern-component.__n15"><error message="Design deviation ›› Notification (.comp-lib-pattern-component.__n15) component" type="CSS component"/><failure message="Design deviation ›› Notification (.comp-lib-pattern-component.__n15) component" type="CSS component"/></testcase><testcase name=" ›› Notification" classname=".comp-lib-pattern-component.__n16"><error message="Design deviation ›› Notification (.comp-lib-pattern-component.__n16) component" type="CSS component"/><failure message="Design deviation ›› Notification (.comp-lib-pattern-component.__n16) component" type="CSS component"/></testcase><testcase name=" ›› Notification" classname=".comp-lib-pattern-component.__n17"><error message="Design deviation ›› Notification (.comp-lib-pattern-component.__n17) component" type="CSS component"/><failure message="Design deviation ›› Notification (.comp-lib-pattern-component.__n17) component" type="CSS component"/></testcase><testcase name=" ›› Notification" classname=".comp-lib-pattern-component.__n18"><error message="Design deviation ›› Notification (.comp-lib-pattern-component.__n18) component" type="CSS component"/><failure message="Design deviation ›› Notification (.comp-lib-pattern-component.__n18) component" type="CSS component"/></testcase><testcase name=" ›› Notification" classname=".comp-lib-pattern-component.__n19"><error message="Design deviation ›› Notification (.comp-lib-pattern-component.__n19) component" type="CSS component"/><failure message="Design deviation ›› Notification (.comp-lib-pattern-component.__n19) component" type="CSS component"/></testcase><testcase name=" ›› Organisation-logo" classname=".comp-lib-pattern-component"><error message="Design deviation ›› Organisation-logo (.comp-lib-pattern-component) component" type="CSS component"/><failure message="Design deviation ›› Organisation-logo (.comp-lib-pattern-component) component" type="CSS component"/></testcase><testcase name=" ›› Organisation-logo" classname=".comp-lib-pattern-component.__n1"><error message="Design deviation ›› Organisation-logo (.comp-lib-pattern-component.__n1) component" type="CSS component"/><failure message="Design deviation ›› Organisation-logo (.comp-lib-pattern-component.__n1) component" type="CSS component"/></testcase><testcase name=" ›› Organisation-logo" classname=".comp-lib-pattern-component.__n2"><error message="Design deviation ›› Organisation-logo (.comp-lib-pattern-component.__n2) component" type="CSS component"/><failure message="Design deviation ›› Organisation-logo (.comp-lib-pattern-component.__n2) component" type="CSS component"/></testcase><testcase name=" ›› Organisation-logo" classname=".comp-lib-pattern-component.__n3"><error message="Design deviation ›› Organisation-logo (.comp-lib-pattern-component.__n3) component" type="CSS component"/><failure message="Design deviation ›› Organisation-logo (.comp-lib-pattern-component.__n3) component" type="CSS component"/></testcase><testcase name=" ›› Page-header" classname=".comp-lib-pattern-component"><error message="Design deviation ›› Page-header (.comp-lib-pattern-component) component" type="CSS component"/><failure message="Design deviation ›› Page-header (.comp-lib-pattern-component) component" type="CSS component"/></testcase><testcase name=" ›› Panel" classname=".comp-lib-pattern-component"><error message="Design deviation ›› Panel (.comp-lib-pattern-component) component" type="CSS component"/><failure message="Design deviation ›› Panel (.comp-lib-pattern-component) component" type="CSS component"/></testcase><testcase name=" ›› Panel" classname=".comp-lib-pattern-component.__n1"><error message="Design deviation ›› Panel (.comp-lib-pattern-component.__n1) component" type="CSS component"/><failure message="Design deviation ›› Panel (.comp-lib-pattern-component.__n1) component" type="CSS component"/></testcase><testcase name=" ›› Panel" classname=".comp-lib-pattern-component.__n2"><error message="Design deviation ›› Panel (.comp-lib-pattern-component.__n2) component" type="CSS component"/><failure message="Design deviation ›› Panel (.comp-lib-pattern-component.__n2) component" type="CSS component"/></testcase><testcase name=" ›› Panel" classname=".comp-lib-pattern-component.__n3"><error message="Design deviation ›› Panel (.comp-lib-pattern-component.__n3) component" type="CSS component"/><failure message="Design deviation ›› Panel (.comp-lib-pattern-component.__n3) component" type="CSS component"/></testcase><testcase name=" ›› Panel" classname=".comp-lib-pattern-component.__n4"><error message="Design deviation ›› Panel (.comp-lib-pattern-component.__n4) component" type="CSS component"/><failure message="Design deviation ›› Panel (.comp-lib-pattern-component.__n4) component" type="CSS component"/></testcase><testcase name=" ›› Panel" classname=".comp-lib-pattern-component.__n5"><error message="Design deviation ›› Panel (.comp-lib-pattern-component.__n5) component" type="CSS component"/><failure message="Design deviation ›› Panel (.comp-lib-pattern-component.__n5) component" type="CSS component"/></testcase><testcase name=" ›› Panel" classname=".comp-lib-pattern-component.__n6"><error message="Design deviation ›› Panel (.comp-lib-pattern-component.__n6) component" type="CSS component"/><failure message="Design deviation ›› Panel (.comp-lib-pattern-component.__n6) component" type="CSS component"/></testcase><testcase name=" ›› Radio-input" classname=".comp-lib-pattern-component"><error message="Design deviation ›› Radio-input (.comp-lib-pattern-component) component" type="CSS component"/><failure message="Design deviation ›› Radio-input (.comp-lib-pattern-component) component" type="CSS component"/></testcase><testcase name=" ›› Reminders" classname=".comp-lib-pattern-component"><error message="Design deviation ›› Reminders (.comp-lib-pattern-component) component" type="CSS component"/><failure message="Design deviation ›› Reminders (.comp-lib-pattern-component) component" type="CSS component"/></testcase><testcase name=" ›› Reminders" classname=".comp-lib-pattern-component.__n1"><error message="Design deviation ›› Reminders (.comp-lib-pattern-component.__n1) component" type="CSS component"/><failure message="Design deviation ›› Reminders (.comp-lib-pattern-component.__n1) component" type="CSS component"/></testcase><testcase name=" ›› Reminders" classname=".comp-lib-pattern-component.__n2"><error message="Design deviation ›› Reminders (.comp-lib-pattern-component.__n2) component" type="CSS component"/><failure message="Design deviation ›› Reminders (.comp-lib-pattern-component.__n2) component" type="CSS component"/></testcase><testcase name=" ›› Reminders" classname=".comp-lib-pattern-component.__n3"><error message="Design deviation ›› Reminders (.comp-lib-pattern-component.__n3) component" type="CSS component"/><failure message="Design deviation ›› Reminders (.comp-lib-pattern-component.__n3) component" type="CSS component"/></testcase><testcase name=" ›› Section" classname=".comp-lib-pattern-component"><error message="Design deviation ›› Section (.comp-lib-pattern-component) component" type="CSS component"/><failure message="Design deviation ›› Section (.comp-lib-pattern-component) component" type="CSS component"/></testcase><testcase name=" ›› Section" classname=".comp-lib-pattern-component.__n1"><error message="Design deviation ›› Section (.comp-lib-pattern-component.__n1) component" type="CSS component"/><failure message="Design deviation ›› Section (.comp-lib-pattern-component.__n1) component" type="CSS component"/></testcase><testcase name=" ›› Section" classname=".comp-lib-pattern-component.__n2"><error message="Design deviation ›› Section (.comp-lib-pattern-component.__n2) component" type="CSS component"/><failure message="Design deviation ›› Section (.comp-lib-pattern-component.__n2) component" type="CSS component"/></testcase><testcase name=" ›› Section" classname=".comp-lib-pattern-component.__n3"><error message="Design deviation ›› Section (.comp-lib-pattern-component.__n3) component" type="CSS component"/><failure message="Design deviation ›› Section (.comp-lib-pattern-component.__n3) component" type="CSS component"/></testcase><testcase name=" ›› Section" classname=".comp-lib-pattern-component.__n4"><error message="Design deviation ›› Section (.comp-lib-pattern-component.__n4) component" type="CSS component"/><failure message="Design deviation ›› Section (.comp-lib-pattern-component.__n4) component" type="CSS component"/></testcase><testcase name=" ›› Select-input" classname=".comp-lib-pattern-component"><error message="Design deviation ›› Select-input (.comp-lib-pattern-component) component" type="CSS component"/><failure message="Design deviation ›› Select-input (.comp-lib-pattern-component) component" type="CSS component"/></testcase><testcase name=" ›› Service-info" classname=".comp-lib-pattern-component"><error message="Design deviation ›› Service-info (.comp-lib-pattern-component) component" type="CSS component"/><failure message="Design deviation ›› Service-info (.comp-lib-pattern-component) component" type="CSS component"/></testcase><testcase name=" ›› Service-info" classname=".comp-lib-pattern-component.__n1"><error message="Design deviation ›› Service-info (.comp-lib-pattern-component.__n1) component" type="CSS component"/><failure message="Design deviation ›› Service-info (.comp-lib-pattern-component.__n1) component" type="CSS component"/></testcase><testcase name=" ›› Service-info" classname=".comp-lib-pattern-component.__n2"><error message="Design deviation ›› Service-info (.comp-lib-pattern-component.__n2) component" type="CSS component"/><failure message="Design deviation ›› Service-info (.comp-lib-pattern-component.__n2) component" type="CSS component"/></testcase><testcase name=" ›› Service-info" classname=".comp-lib-pattern-component.__n3"><error message="Design deviation ›› Service-info (.comp-lib-pattern-component.__n3) component" type="CSS component"/><failure message="Design deviation ›› Service-info (.comp-lib-pattern-component.__n3) component" type="CSS component"/></testcase><testcase name=" ›› Service-info" classname=".comp-lib-pattern-component.__n4"><error message="Design deviation ›› Service-info (.comp-lib-pattern-component.__n4) component" type="CSS component"/><failure message="Design deviation ›› Service-info (.comp-lib-pattern-component.__n4) component" type="CSS component"/></testcase><testcase name=" ›› Service-info" classname=".comp-lib-pattern-component.__n5"><error message="Design deviation ›› Service-info (.comp-lib-pattern-component.__n5) component" type="CSS component"/><failure message="Design deviation ›› Service-info (.comp-lib-pattern-component.__n5) component" type="CSS component"/></testcase><testcase name=" ›› Side-navigation" classname=".comp-lib-pattern-component"><error message="Design deviation ›› Side-navigation (.comp-lib-pattern-component) component" type="CSS component"/><failure message="Design deviation ›› Side-navigation (.comp-lib-pattern-component) component" type="CSS component"/></testcase><testcase name=" ›› Side-navigation" classname=".comp-lib-pattern-component.__n1"><error message="Design deviation ›› Side-navigation (.comp-lib-pattern-component.__n1) component" type="CSS component"/><failure message="Design deviation ›› Side-navigation (.comp-lib-pattern-component.__n1) component" type="CSS component"/></testcase><testcase name=" ›› Side-navigation" classname=".comp-lib-pattern-component.__n2"><error message="Design deviation ›› Side-navigation (.comp-lib-pattern-component.__n2) component" type="CSS component"/><failure message="Design deviation ›› Side-navigation (.comp-lib-pattern-component.__n2) component" type="CSS component"/></testcase><testcase name=" ›› Side-navigation" classname=".comp-lib-pattern-component.__n3"><error message="Design deviation ›› Side-navigation (.comp-lib-pattern-component.__n3) component" type="CSS component"/><failure message="Design deviation ›› Side-navigation (.comp-lib-pattern-component.__n3) component" type="CSS component"/></testcase><testcase name=" ›› Side-navigation" classname=".comp-lib-pattern-component.__n4"><error message="Design deviation ›› Side-navigation (.comp-lib-pattern-component.__n4) component" type="CSS component"/><failure message="Design deviation ›› Side-navigation (.comp-lib-pattern-component.__n4) component" type="CSS component"/></testcase><testcase name=" ›› Table" classname=".comp-lib-pattern-component"><error message="Design deviation ›› Table (.comp-lib-pattern-component) component" type="CSS component"/><failure message="Design deviation ›› Table (.comp-lib-pattern-component) component" type="CSS component"/></testcase><testcase name=" ›› Table" classname=".comp-lib-pattern-component.__n1"><error message="Design deviation ›› Table (.comp-lib-pattern-component.__n1) component" type="CSS component"/><failure message="Design deviation ›› Table (.comp-lib-pattern-component.__n1) component" type="CSS component"/></testcase><testcase name=" ›› Table" classname=".comp-lib-pattern-component.__n2"><error message="Design deviation ›› Table (.comp-lib-pattern-component.__n2) component" type="CSS component"/><failure message="Design deviation ›› Table (.comp-lib-pattern-component.__n2) component" type="CSS component"/></testcase><testcase name=" ›› Table" classname=".comp-lib-pattern-component.__n3"><error message="Design deviation ›› Table (.comp-lib-pattern-component.__n3) component" type="CSS component"/><failure message="Design deviation ›› Table (.comp-lib-pattern-component.__n3) component" type="CSS component"/></testcase><testcase name=" ›› Table" classname=".comp-lib-pattern-component.__n4"><error message="Design deviation ›› Table (.comp-lib-pattern-component.__n4) component" type="CSS component"/><failure message="Design deviation ›› Table (.comp-lib-pattern-component.__n4) component" type="CSS component"/></testcase><testcase name=" ›› Table" classname=".comp-lib-pattern-component.__n5"><error message="Design deviation ›› Table (.comp-lib-pattern-component.__n5) component" type="CSS component"/><failure message="Design deviation ›› Table (.comp-lib-pattern-component.__n5) component" type="CSS component"/></testcase><testcase name=" ›› Table" classname=".comp-lib-pattern-component.__n6"><error message="Design deviation ›› Table (.comp-lib-pattern-component.__n6) component" type="CSS component"/><failure message="Design deviation ›› Table (.comp-lib-pattern-component.__n6) component" type="CSS component"/></testcase><testcase name=" ›› Table" classname=".comp-lib-pattern-component.__n7"><error message="Design deviation ›› Table (.comp-lib-pattern-component.__n7) component" type="CSS component"/><failure message="Design deviation ›› Table (.comp-lib-pattern-component.__n7) component" type="CSS component"/></testcase><testcase name=" ›› Table" classname=".comp-lib-pattern-component.__n8"><error message="Design deviation ›› Table (.comp-lib-pattern-component.__n8) component" type="CSS component"/><failure message="Design deviation ›› Table (.comp-lib-pattern-component.__n8) component" type="CSS component"/></testcase><testcase name=" ›› Table" classname=".comp-lib-pattern-component.__n9"><error message="Design deviation ›› Table (.comp-lib-pattern-component.__n9) component" type="CSS component"/><failure message="Design deviation ›› Table (.comp-lib-pattern-component.__n9) component" type="CSS component"/></testcase><testcase name=" ›› Table" classname=".comp-lib-pattern-component.__n10"><error message="Design deviation ›› Table (.comp-lib-pattern-component.__n10) component" type="CSS component"/><failure message="Design deviation ›› Table (.comp-lib-pattern-component.__n10) component" type="CSS component"/></testcase><testcase name=" ›› Table" classname=".comp-lib-pattern-component.__n11"><error message="Design deviation ›› Table (.comp-lib-pattern-component.__n11) component" type="CSS component"/><failure message="Design deviation ›› Table (.comp-lib-pattern-component.__n11) component" type="CSS component"/></testcase><testcase name=" ›› Table" classname=".comp-lib-pattern-component.__n12"><error message="Design deviation ›› Table (.comp-lib-pattern-component.__n12) component" type="CSS component"/><failure message="Design deviation ›› Table (.comp-lib-pattern-component.__n12) component" type="CSS component"/></testcase><testcase name=" ›› Table" classname=".comp-lib-pattern-component.__n13"><error message="Design deviation ›› Table (.comp-lib-pattern-component.__n13) component" type="CSS component"/><failure message="Design deviation ›› Table (.comp-lib-pattern-component.__n13) component" type="CSS component"/></testcase><testcase name=" ›› Table" classname=".comp-lib-pattern-component.__n14"><error message="Design deviation ›› Table (.comp-lib-pattern-component.__n14) component" type="CSS component"/><failure message="Design deviation ›› Table (.comp-lib-pattern-component.__n14) component" type="CSS component"/></testcase><testcase name=" ›› Table" classname=".comp-lib-pattern-component.__n15"><error message="Design deviation ›› Table (.comp-lib-pattern-component.__n15) component" type="CSS component"/><failure message="Design deviation ›› Table (.comp-lib-pattern-component.__n15) component" type="CSS component"/></testcase><testcase name=" ›› Table" classname=".comp-lib-pattern-component.__n16"><error message="Design deviation ›› Table (.comp-lib-pattern-component.__n16) component" type="CSS component"/><failure message="Design deviation ›› Table (.comp-lib-pattern-component.__n16) component" type="CSS component"/></testcase><testcase name=" ›› Tabs" classname=".comp-lib-pattern-component"><error message="Design deviation ›› Tabs (.comp-lib-pattern-component) component" type="CSS component"/><failure message="Design deviation ›› Tabs (.comp-lib-pattern-component) component" type="CSS component"/></testcase><testcase name=" ›› Tabular-data" classname=".comp-lib-pattern-component"><error message="Design deviation ›› Tabular-data (.comp-lib-pattern-component) component" type="CSS component"/><failure message="Design deviation ›› Tabular-data (.comp-lib-pattern-component) component" type="CSS component"/></testcase><testcase name=" ›› Tabular-data" classname=".comp-lib-pattern-component.__n1"><error message="Design deviation ›› Tabular-data (.comp-lib-pattern-component.__n1) component" type="CSS component"/><failure message="Design deviation ›› Tabular-data (.comp-lib-pattern-component.__n1) component" type="CSS component"/></testcase><testcase name=" ›› Template-page-header" classname=".comp-lib-pattern-component"><error message="Design deviation ›› Template-page-header (.comp-lib-pattern-component) component" type="CSS component"/><failure message="Design deviation ›› Template-page-header (.comp-lib-pattern-component) component" type="CSS component"/></testcase><testcase name=" ›› Text-input" classname=".comp-lib-pattern-component"><error message="Design deviation ›› Text-input (.comp-lib-pattern-component) component" type="CSS component"/><failure message="Design deviation ›› Text-input (.comp-lib-pattern-component) component" type="CSS component"/></testcase><testcase name=" ›› Text-input" classname=".comp-lib-pattern-component.__n1"><error message="Design deviation ›› Text-input (.comp-lib-pattern-component.__n1) component" type="CSS component"/><failure message="Design deviation ›› Text-input (.comp-lib-pattern-component.__n1) component" type="CSS component"/></testcase><testcase name=" ›› Text-input" classname=".comp-lib-pattern-component.__n2"><error message="Design deviation ›› Text-input (.comp-lib-pattern-component.__n2) component" type="CSS component"/><failure message="Design deviation ›› Text-input (.comp-lib-pattern-component.__n2) component" type="CSS component"/></testcase><testcase name=" ›› Text-input" classname=".comp-lib-pattern-component.__n3"><error message="Design deviation ›› Text-input (.comp-lib-pattern-component.__n3) component" type="CSS component"/><failure message="Design deviation ›› Text-input (.comp-lib-pattern-component.__n3) component" type="CSS component"/></testcase><testcase name=" ›› Text-input" classname=".comp-lib-pattern-component.__n4"><error message="Design deviation ›› Text-input (.comp-lib-pattern-component.__n4) component" type="CSS component"/><failure message="Design deviation ›› Text-input (.comp-lib-pattern-component.__n4) component" type="CSS component"/></testcase><testcase name=" ›› Text-input" classname=".comp-lib-pattern-component.__n5"><error message="Design deviation ›› Text-input (.comp-lib-pattern-component.__n5) component" type="CSS component"/><failure message="Design deviation ›› Text-input (.comp-lib-pattern-component.__n5) component" type="CSS component"/></testcase><testcase name=" ›› Text-input" classname=".comp-lib-pattern-component.__n6"><error message="Design deviation ›› Text-input (.comp-lib-pattern-component.__n6) component" type="CSS component"/><failure message="Design deviation ›› Text-input (.comp-lib-pattern-component.__n6) component" type="CSS component"/></testcase><testcase name=" ›› Text-input" classname=".comp-lib-pattern-component.__n7"><error message="Design deviation ›› Text-input (.comp-lib-pattern-component.__n7) component" type="CSS component"/><failure message="Design deviation ›› Text-input (.comp-lib-pattern-component.__n7) component" type="CSS component"/></testcase><testcase name=" ›› Text-input" classname=".comp-lib-pattern-component.__n8"><error message="Design deviation ›› Text-input (.comp-lib-pattern-component.__n8) component" type="CSS component"/><failure message="Design deviation ›› Text-input (.comp-lib-pattern-component.__n8) component" type="CSS component"/></testcase><testcase name=" ›› Text-input" classname=".comp-lib-pattern-component.__n9"><error message="Design deviation ›› Text-input (.comp-lib-pattern-component.__n9) component" type="CSS component"/><failure message="Design deviation ›› Text-input (.comp-lib-pattern-component.__n9) component" type="CSS component"/></testcase><testcase name=" ›› Text-input" classname=".comp-lib-pattern-component.__n10"><error message="Design deviation ›› Text-input (.comp-lib-pattern-component.__n10) component" type="CSS component"/><failure message="Design deviation ›› Text-input (.comp-lib-pattern-component.__n10) component" type="CSS component"/></testcase><testcase name=" ›› Text-input" classname=".comp-lib-pattern-component.__n11"><error message="Design deviation ›› Text-input (.comp-lib-pattern-component.__n11) component" type="CSS component"/><failure message="Design deviation ›› Text-input (.comp-lib-pattern-component.__n11) component" type="CSS component"/></testcase><testcase name=" ›› Textarea-input" classname=".comp-lib-pattern-component"><error message="Design deviation ›› Textarea-input (.comp-lib-pattern-component) component" type="CSS component"/><failure message="Design deviation ›› Textarea-input (.comp-lib-pattern-component) component" type="CSS component"/></testcase><testcase name=" ›› Textarea-input" classname=".comp-lib-pattern-component.__n1"><error message="Design deviation ›› Textarea-input (.comp-lib-pattern-component.__n1) component" type="CSS component"/><failure message="Design deviation ›› Textarea-input (.comp-lib-pattern-component.__n1) component" type="CSS component"/></testcase><testcase name=" ›› Textarea-input" classname=".comp-lib-pattern-component.__n2"><error message="Design deviation ›› Textarea-input (.comp-lib-pattern-component.__n2) component" type="CSS component"/><failure message="Design deviation ›› Textarea-input (.comp-lib-pattern-component.__n2) component" type="CSS component"/></testcase><testcase name=" ›› Toggle-button" classname=".comp-lib-pattern-component"><error message="Design deviation ›› Toggle-button (.comp-lib-pattern-component) component" type="CSS component"/><failure message="Design deviation ›› Toggle-button (.comp-lib-pattern-component) component" type="CSS component"/></testcase><testcase name=" ›› Typography" classname=".comp-lib-pattern-component"><error message="Design deviation ›› Typography (.comp-lib-pattern-component) component" type="CSS component"/><failure message="Design deviation ›› Typography (.comp-lib-pattern-component) component" type="CSS component"/></testcase><testcase name=" ›› Typography" classname=".comp-lib-pattern-component.__n1"><error message="Design deviation ›› Typography (.comp-lib-pattern-component.__n1) component" type="CSS component"/><failure message="Design deviation ›› Typography (.comp-lib-pattern-component.__n1) component" type="CSS component"/></testcase><testcase name=" ›› Typography" classname=".comp-lib-pattern-component.__n2"><error message="Design deviation ›› Typography (.comp-lib-pattern-component.__n2) component" type="CSS component"/><failure message="Design deviation ›› Typography (.comp-lib-pattern-component.__n2) component" type="CSS component"/></testcase><testcase name=" ›› Typography" classname=".comp-lib-pattern-component.__n3"><error message="Design deviation ›› Typography (.comp-lib-pattern-component.__n3) component" type="CSS component"/><failure message="Design deviation ›› Typography (.comp-lib-pattern-component.__n3) component" type="CSS component"/></testcase><testcase name=" ›› Typography" classname=".comp-lib-pattern-component.__n4"><error message="Design deviation ›› Typography (.comp-lib-pattern-component.__n4) component" type="CSS component"/><failure message="Design deviation ›› Typography (.comp-lib-pattern-component.__n4) component" type="CSS component"/></testcase><testcase name=" ›› Typography" classname=".comp-lib-pattern-component.__n5"><error message="Design deviation ›› Typography (.comp-lib-pattern-component.__n5) component" type="CSS component"/><failure message="Design deviation ›› Typography (.comp-lib-pattern-component.__n5) component" type="CSS component"/></testcase><testcase name=" ›› Typography" classname=".comp-lib-pattern-component.__n6"><error message="Design deviation ›› Typography (.comp-lib-pattern-component.__n6) component" type="CSS component"/><failure message="Design deviation ›› Typography (.comp-lib-pattern-component.__n6) component" type="CSS component"/></testcase><testcase name=" ›› Typography" classname=".comp-lib-pattern-component.__n7"><error message="Design deviation ›› Typography (.comp-lib-pattern-component.__n7) component" type="CSS component"/><failure message="Design deviation ›› Typography (.comp-lib-pattern-component.__n7) component" type="CSS component"/></testcase><testcase name=" ›› Typography" classname=".comp-lib-pattern-component.__n8"><error message="Design deviation ›› Typography (.comp-lib-pattern-component.__n8) component" type="CSS component"/><failure message="Design deviation ›› Typography (.comp-lib-pattern-component.__n8) component" type="CSS component"/></testcase><testcase name=" ›› Typography" classname=".comp-lib-pattern-component.__n9"><error message="Design deviation ›› Typography (.comp-lib-pattern-component.__n9) component" type="CSS component"/><failure message="Design deviation ›› Typography (.comp-lib-pattern-component.__n9) component" type="CSS component"/></testcase><testcase name=" ›› Typography" classname=".comp-lib-pattern-component.__n10"><error message="Design deviation ›› Typography (.comp-lib-pattern-component.__n10) component" type="CSS component"/><failure message="Design deviation ›› Typography (.comp-lib-pattern-component.__n10) component" type="CSS component"/></testcase><testcase name=" ›› Typography" classname=".comp-lib-pattern-component.__n11"><error message="Design deviation ›› Typography (.comp-lib-pattern-component.__n11) component" type="CSS component"/><failure message="Design deviation ›› Typography (.comp-lib-pattern-component.__n11) component" type="CSS component"/></testcase><testcase name=" ›› Typography" classname=".comp-lib-pattern-component.__n12"/><testcase name=" ›› Youtube-player" classname=".comp-lib-pattern-component"><error message="Design deviation ›› Youtube-player (.comp-lib-pattern-component) component" type="CSS component"/><failure message="Design deviation ›› Youtube-player (.comp-lib-pattern-component) component" type="CSS component"/></testcase></testsuite></testsuites>